[15:37:54] [ServerMain/INFO]: [bootstrap] Running Java 21 (OpenJDK 64-Bit Server VM 21.0.4+7-LTS; Microsoft Microsoft-9889606) on Linux 6.8.0-1014-azure (amd64)
[15:37:54] [ServerMain/INFO]: [bootstrap] Loading Purpur 1.21.1-2309-ver/1.21.1@be61a07 (2024-09-20T02:24:21Z) for Minecraft 1.21.1
[15:37:54] [ServerMain/INFO]: [PluginInitializerManager] Initializing plugins...
[15:37:55] [ServerMain/INFO]: [PluginInitializerManager] Initialized 1 plugin
[15:37:55] [ServerMain/INFO]: [PluginInitializerManager] Bukkit plugins (1):
 - playit-gg (0.1.4)
[15:38:02] [ServerMain/INFO]: Environment: Environment[sessionHost=https://sessionserver.mojang.com, servicesHost=https://api.minecraftservices.com, name=PROD]
[15:38:05] [ServerMain/INFO]: Loaded 1290 recipes
[15:38:05] [ServerMain/INFO]: Loaded 1399 advancements
[15:38:06] [Server thread/INFO]: Starting minecraft server version 1.21.1
[15:38:06] [Server thread/INFO]: Loading properties
[15:38:06] [Server thread/INFO]: This server is running Purpur version 1.21.1-2309-ver/1.21.1@be61a07 (2024-09-20T02:24:21Z) (Implementing API version 1.21.1-R0.1-SNAPSHOT)
[15:38:06] [Server thread/INFO]: [spark] This server bundles the spark profiler. For more information please visit https://docs.papermc.io/paper/profiling
[15:38:07] [Server thread/INFO]: Server Ping Player Sample Count: 12
[15:38:07] [Server thread/INFO]: Using 4 threads for Netty based IO
[15:38:08] [Server thread/INFO]: [ChunkTaskScheduler] Chunk system is using 1 I/O threads, 1 worker threads, and population gen parallelism of 1 threads
[15:38:09] [Server thread/WARN]: [Pufferfish] SIMD operations are available for your server, but are not configured!
[15:38:09] [Server thread/WARN]: [Pufferfish] To enable additional optimizations, add "--add-modules=jdk.incubator.vector" to your startup flags, BEFORE the "-jar".
[15:38:09] [Server thread/WARN]: [Pufferfish] If you have already added this flag, then SIMD operations are not supported on your JVM or CPU.
[15:38:09] [Server thread/WARN]: [Pufferfish] Debug: Java: 21.0.4, test run: true
[15:38:09] [Server thread/INFO]: Default game type: SURVIVAL
[15:38:09] [Server thread/INFO]: Generating keypair
[15:38:09] [Server thread/INFO]: Starting Minecraft server on *:25565
[15:38:09] [Server thread/INFO]: Using epoll channel type
[15:38:09] [Server thread/INFO]: Paper: Using libdeflate (Linux x86_64) compression from Velocity.
[15:38:09] [Server thread/INFO]: Paper: Using OpenSSL 1.1.x (Linux x86_64) cipher from Velocity.
[15:38:09] [Server thread/INFO]: [playit-gg] Loading server plugin playit-gg v0.1.4
[15:38:09] [Server thread/INFO]: Server permissions file permissions.yml is empty, ignoring it
[15:38:09] [Server thread/WARN]: **** SERVER IS RUNNING IN OFFLINE/INSECURE MODE!
[15:38:09] [Server thread/WARN]: The server will make no attempt to authenticate usernames. Beware.
[15:38:09] [Server thread/WARN]: While this makes the game possible to play without internet access, it also opens up the ability for hackers to connect with any username they choose.
[15:38:09] [Server thread/WARN]: To change this, set "online-mode" to "true" in the server.properties file.
[15:38:09] [Server thread/INFO]: Preparing level "world"
[15:38:11] [Server thread/INFO]: Preparing start region for dimension minecraft:overworld
[15:38:12] [Server thread/INFO]: Time elapsed: 1040 ms
[15:38:12] [Server thread/INFO]: Preparing start region for dimension minecraft:the_nether
[15:38:13] [Server thread/INFO]: Time elapsed: 1531 ms
[15:38:13] [Server thread/INFO]: Preparing start region for dimension minecraft:the_end
[15:38:13] [Server thread/INFO]: Time elapsed: 212 ms
[15:38:13] [Server thread/INFO]: [playit-gg] Enabling playit-gg v0.1.4
[15:38:18] [Thread-7/INFO]: [gg.playit.minecraft.PlayitKeysSetup] secret key found, checking
[15:38:18] [Thread-7/INFO]: [gg.playit.minecraft.PlayitKeysSetup] check secret
[15:38:18] [Server thread/INFO]: [spark] Starting background profiler...
[15:38:18] [Server thread/INFO]: Done preparing level "world" (9.083s)
[15:38:18] [Server thread/INFO]: Running delayed init tasks
[15:38:18] [Server thread/INFO]: Done (25.986s)! For help, type "help"
[15:38:21] [Thread-7/INFO]: [gg.playit.minecraft.PlayitKeysSetup] found minecraft java tunnel: j-tunes.joinmc.link
[15:38:21] [Thread-7/INFO]: [gg.playit.minecraft.PlayitManager] keys and tunnel setup
[15:38:21] [Thread-7/INFO]: playit.gg: tunnel setup
[15:38:21] [Thread-7/INFO]: playit.gg: j-tunes.joinmc.link
[15:38:21] [Thread-7/WARN]: [gg.playit.control.ChannelSetup] Got IO error working with :control.playit.gg/2602:fbaf:848:0:0:0:0:1, error : java.net.SocketException: Network is unreachable
[15:38:22] [Thread-7/INFO]: [gg.playit.control.ChannelSetup] request queued, waiting 1 second before resend
[15:38:23] [Thread-7/INFO]: [gg.playit.control.ChannelSetup] request queued, waiting 1 second before resend
[15:39:30] [Thread-7/INFO]: [gg.playit.minecraft.PlayitManager] got new client: NewClient{connectAddr=209.25.142.194:25567, peerAddr=118.68.65.222:58684, claimAddress=209.25.142.2:43783, claimToken=[44, 0, 60, -47, 25, -114, -62, 99, -33, 118, 68, 65, -34, -27, 60, 93, -68, -43, -52, -85, 7, 102, -14, -35, 50, 0, 0, 0, 0, 0, 12, 62, -21, 0, 0, 0, 0, 0, 55, -35, -103, 21, -52, -85, 7, 0, 0, 0, 0, 18, 0, 0, 0, 0, 0, 0, 0, 4, 0, 1, 123, -72, -75, -120, 118, -104, -95, -58, -43, -95, -104, -9, 25, -34, 15, -18], tunnelServerId=4, dataCenterId=18}
[15:39:30] [Thread-7/INFO]: [gg.playit.minecraft.PlayitManager] starting tcp tunnel for client
[15:39:30] [Thread-7/INFO]: [gg.playit.minecraft.PlayitTcpTunnel] start connection to /209.25.142.2:43783 to claim client
[15:39:30] [nioEventLoopGroup-2-1/INFO]: [gg.playit.minecraft.PlayitTcpTunnel] connected to tunnel server, sending claim token
[15:39:30] [nioEventLoopGroup-2-1/INFO]: [gg.playit.minecraft.PlayitTcpTunnel] claim token sent
[15:39:30] [nioEventLoopGroup-2-1/INFO]: [gg.playit.minecraft.PlayitTcpTunnel] connection to tunnel server has been established
[15:39:30] [nioEventLoopGroup-2-1/INFO]: [gg.playit.minecraft.PlayitTcpTunnel] Reflect: ReflectionHelper{ServerConnection=class net.minecraft.server.network.ServerConnectionListener, LegacyPingHandler=class net.minecraft.server.network.LegacyQueryHandler, MinecraftServer=class net.minecraft.server.MinecraftServer, PacketSplitter=class net.minecraft.network.Varint21FrameDecoder, PacketDecoder=class net.minecraft.network.PacketDecoder, EnumProtocolDirection=class net.minecraft.network.protocol.PacketFlow, PacketPrepender=class net.minecraft.network.Varint21LengthFieldPrepender, PacketEncoder=class net.minecraft.network.PacketEncoder, NetworkManagerServer=class net.minecraft.network.RateKickingConnection, NetworkManager=class net.minecraft.network.Connection, HandshakeListener=class net.minecraft.server.network.ServerHandshakePacketListenerImpl, PacketListener=interface net.minecraft.network.PacketListener, CraftServer=class org.bukkit.craftbukkit.CraftServer}
[15:39:30] [nioEventLoopGroup-2-1/INFO]: [gg.playit.minecraft.PlayitTcpTunnel] legacyPingHandler is null
[15:39:30] [nioEventLoopGroup-2-1/INFO]: [gg.playit.minecraft.PlayitTcpTunnel] connecting to minecraft server at localhost/127.0.0.1:25565
[15:39:30] [nioEventLoopGroup-2-2/WARN]: [gg.playit.minecraft.PlayitTcpTunnel] failed to send data to minecraft server
[15:39:30] [nioEventLoopGroup-2-2/WARN]: [gg.playit.minecraft.PlayitTcpTunnel] failed to connect to local minecraft server
[15:39:30] [Thread-7/INFO]: [gg.playit.minecraft.PlayitManager] got new client: NewClient{connectAddr=209.25.142.194:25567, peerAddr=118.68.65.222:58690, claimAddress=209.25.142.2:43783, claimToken=[44, 0, 60, -47, 25, -114, -62, 99, -33, 118, 68, 65, -34, -27, 66, -119, 82, 119, 63, -85, 7, 102, -14, -35, 50, 0, 0, 0, 0, 0, 12, 62, -21, 0, 0, 0, 0, 0, 55, -35, -103, -101, 63, -85, 7, 0, 0, 0, 0, 18, 0, 0, 0, 0, 0, 0, 0, 3, 0, 1, 115, -84, -10, -19, 27, 48, 12, 91, 71, -124, 26, -51, 38, -53, 107, -73], tunnelServerId=3, dataCenterId=18}
[15:39:30] [Thread-7/INFO]: [gg.playit.minecraft.PlayitManager] starting tcp tunnel for client
[15:39:30] [Thread-7/INFO]: [gg.playit.minecraft.PlayitTcpTunnel] start connection to /209.25.142.2:43783 to claim client
[15:39:30] [nioEventLoopGroup-2-3/INFO]: [gg.playit.minecraft.PlayitTcpTunnel] connected to tunnel server, sending claim token
[15:39:30] [nioEventLoopGroup-2-3/INFO]: [gg.playit.minecraft.PlayitTcpTunnel] claim token sent
[15:39:30] [nioEventLoopGroup-2-3/INFO]: [gg.playit.minecraft.PlayitTcpTunnel] connection to tunnel server has been established
[15:39:30] [nioEventLoopGroup-2-3/INFO]: [gg.playit.minecraft.PlayitTcpTunnel] Reflect: ReflectionHelper{ServerConnection=class net.minecraft.server.network.ServerConnectionListener, LegacyPingHandler=class net.minecraft.server.network.LegacyQueryHandler, MinecraftServer=class net.minecraft.server.MinecraftServer, PacketSplitter=class net.minecraft.network.Varint21FrameDecoder, PacketDecoder=class net.minecraft.network.PacketDecoder, EnumProtocolDirection=class net.minecraft.network.protocol.PacketFlow, PacketPrepender=class net.minecraft.network.Varint21LengthFieldPrepender, PacketEncoder=class net.minecraft.network.PacketEncoder, NetworkManagerServer=class net.minecraft.network.RateKickingConnection, NetworkManager=class net.minecraft.network.Connection, HandshakeListener=class net.minecraft.server.network.ServerHandshakePacketListenerImpl, PacketListener=interface net.minecraft.network.PacketListener, CraftServer=class org.bukkit.craftbukkit.CraftServer}
[15:39:30] [nioEventLoopGroup-2-3/INFO]: [gg.playit.minecraft.PlayitTcpTunnel] legacyPingHandler is null
[15:39:30] [nioEventLoopGroup-2-3/INFO]: [gg.playit.minecraft.PlayitTcpTunnel] connecting to minecraft server at localhost/127.0.0.1:25565
[15:39:30] [nioEventLoopGroup-2-4/INFO]: [gg.playit.minecraft.PlayitTcpTunnel] connected to local minecraft server
[15:39:38] [Thread-7/INFO]: [gg.playit.minecraft.PlayitManager] got new client: NewClient{connectAddr=209.25.142.194:25567, peerAddr=118.68.65.222:56954, claimAddress=209.25.142.2:43783, claimToken=[44, 0, 60, -47, 25, -114, -62, 99, -33, 118, 68, 65, -34, -34, 122, -57, -14, 21, -54, -85, 7, 102, -14, -35, 58, 0, 0, 0, 0, 0, 12, 62, -21, 0, 0, 0, 0, 0, 55, -35, -103, 63, -54, -85, 7, 0, 0, 0, 0, 18, 0, 0, 0, 0, 0, 0, 0, 5, 0, 1, 103, -69, 53, -19, 5, -4, 118, -36, -29, 14, 101, -115, 82, -108, -33, -120], tunnelServerId=5, dataCenterId=18}
[15:39:38] [Thread-7/INFO]: [gg.playit.minecraft.PlayitManager] starting tcp tunnel for client
[15:39:38] [Thread-7/INFO]: [gg.playit.minecraft.PlayitTcpTunnel] start connection to /209.25.142.2:43783 to claim client
[15:39:38] [nioEventLoopGroup-2-1/INFO]: [gg.playit.minecraft.PlayitTcpTunnel] connected to tunnel server, sending claim token
[15:39:38] [nioEventLoopGroup-2-1/INFO]: [gg.playit.minecraft.PlayitTcpTunnel] claim token sent
[15:39:38] [nioEventLoopGroup-2-1/INFO]: [gg.playit.minecraft.PlayitTcpTunnel] connection to tunnel server has been established
[15:39:38] [nioEventLoopGroup-2-1/INFO]: [gg.playit.minecraft.PlayitTcpTunnel] Reflect: ReflectionHelper{ServerConnection=class net.minecraft.server.network.ServerConnectionListener, LegacyPingHandler=class net.minecraft.server.network.LegacyQueryHandler, MinecraftServer=class net.minecraft.server.MinecraftServer, PacketSplitter=class net.minecraft.network.Varint21FrameDecoder, PacketDecoder=class net.minecraft.network.PacketDecoder, EnumProtocolDirection=class net.minecraft.network.protocol.PacketFlow, PacketPrepender=class net.minecraft.network.Varint21LengthFieldPrepender, PacketEncoder=class net.minecraft.network.PacketEncoder, NetworkManagerServer=class net.minecraft.network.RateKickingConnection, NetworkManager=class net.minecraft.network.Connection, HandshakeListener=class net.minecraft.server.network.ServerHandshakePacketListenerImpl, PacketListener=interface net.minecraft.network.PacketListener, CraftServer=class org.bukkit.craftbukkit.CraftServer}
[15:39:38] [nioEventLoopGroup-2-1/INFO]: [gg.playit.minecraft.PlayitTcpTunnel] legacyPingHandler is null
[15:39:38] [nioEventLoopGroup-2-1/INFO]: [gg.playit.minecraft.PlayitTcpTunnel] connecting to minecraft server at localhost/127.0.0.1:25565
[15:39:38] [nioEventLoopGroup-2-2/INFO]: [gg.playit.minecraft.PlayitTcpTunnel] connected to local minecraft server
[15:39:38] [User Authenticator #0/INFO]: UUID of player sasa998 is 5ff4cf64-4e06-3678-b945-b079a0b404ef
[15:39:39] [Server thread/INFO]: sasa998 joined the game
[15:39:40] [Server thread/INFO]: sasa998[/127.0.0.1:57218] logged in with entity id 14 at ([world]549.7850479423455, 141.0, 827.3489250269303)
[15:41:36] [Server thread/INFO]: sasa998 issued server command: /gamemode
[15:41:47] [Server thread/INFO]: sasa998 issued server command: /gamemode creative
[15:41:47] [Server thread/INFO]: [sasa998: Set own game mode to Creative Mode]
[15:42:26] [Thread-7/INFO]: [gg.playit.control.ChannelSetup] send keep alive
[15:42:26] [nioEventLoopGroup-2-1/WARN]: [gg.playit.minecraft.PlayitTcpTunnel] failed to send data to tunnel
[15:42:26] [Server thread/INFO]: sasa998 lost connection: Disconnected
[15:42:26] [Server thread/INFO]: sasa998 left the game
[15:42:26] [Thread-7/INFO]: [gg.playit.minecraft.PlayitManager] got new client: NewClient{connectAddr=209.25.142.194:25567, peerAddr=118.68.65.222:33490, claimAddress=209.25.142.2:43783, claimToken=[44, 0, 60, -47, 25, -114, -62, 99, -33, 118, 68, 65, -34, -126, -46, 4, -112, 9, -115, -85, 7, 102, -14, -35, -30, 0, 0, 0, 0, 0, 12, 62, -21, 0, 0, 0, 0, 0, 55, -35, -103, 11, -115, -85, 7, 0, 0, 0, 0, 18, 0, 0, 0, 0, 0, 0, 0, 3, 0, 1, -74, 58, -99, 121, 16, -87, 8, 68, 94, -23, 35, 27, -9, -64, 54, 6], tunnelServerId=3, dataCenterId=18}
[15:42:26] [Thread-7/INFO]: [gg.playit.minecraft.PlayitManager] starting tcp tunnel for client
[15:42:26] [Thread-7/INFO]: [gg.playit.minecraft.PlayitTcpTunnel] start connection to /209.25.142.2:43783 to claim client
[15:42:26] [nioEventLoopGroup-2-3/INFO]: [gg.playit.minecraft.PlayitTcpTunnel] connected to tunnel server, sending claim token
[15:42:26] [nioEventLoopGroup-2-3/INFO]: [gg.playit.minecraft.PlayitTcpTunnel] claim token sent
[15:42:26] [nioEventLoopGroup-2-3/INFO]: [gg.playit.minecraft.PlayitTcpTunnel] connection to tunnel server has been established
[15:42:26] [nioEventLoopGroup-2-3/INFO]: [gg.playit.minecraft.PlayitTcpTunnel] Reflect: ReflectionHelper{ServerConnection=class net.minecraft.server.network.ServerConnectionListener, LegacyPingHandler=class net.minecraft.server.network.LegacyQueryHandler, MinecraftServer=class net.minecraft.server.MinecraftServer, PacketSplitter=class net.minecraft.network.Varint21FrameDecoder, PacketDecoder=class net.minecraft.network.PacketDecoder, EnumProtocolDirection=class net.minecraft.network.protocol.PacketFlow, PacketPrepender=class net.minecraft.network.Varint21LengthFieldPrepender, PacketEncoder=class net.minecraft.network.PacketEncoder, NetworkManagerServer=class net.minecraft.network.RateKickingConnection, NetworkManager=class net.minecraft.network.Connection, HandshakeListener=class net.minecraft.server.network.ServerHandshakePacketListenerImpl, PacketListener=interface net.minecraft.network.PacketListener, CraftServer=class org.bukkit.craftbukkit.CraftServer}
[15:42:26] [nioEventLoopGroup-2-3/INFO]: [gg.playit.minecraft.PlayitTcpTunnel] legacyPingHandler is null
[15:42:26] [nioEventLoopGroup-2-3/INFO]: [gg.playit.minecraft.PlayitTcpTunnel] connecting to minecraft server at localhost/127.0.0.1:25565
[15:42:26] [nioEventLoopGroup-2-4/INFO]: [gg.playit.minecraft.PlayitTcpTunnel] connected to local minecraft server
[15:44:06] [Server thread/INFO]: Stopping the server
[15:44:06] [Server thread/INFO]: Stopping server
[15:44:06] [Server thread/INFO]: [playit-gg] Disabling playit-gg v0.1.4
[15:44:06] [Server thread/INFO]: Saving players
[15:44:06] [Server thread/INFO]: Saving worlds
[15:44:06] [Server thread/INFO]: Saving chunks for level 'ServerLevel[world]'/minecraft:overworld
[15:44:06] [Server thread/INFO]: [ChunkHolderManager] Waiting 60s for chunk system to halt for world 'world'
[15:44:06] [Server thread/INFO]: [ChunkHolderManager] Halted chunk system for world 'world'
[15:44:06] [Server thread/INFO]: [ChunkHolderManager] Saving all chunkholders for world 'world'
[15:44:06] [Server thread/INFO]: [ChunkHolderManager] Saved 0 block chunks, 0 entity chunks, 0 poi chunks in world 'world' in 0.00s
[15:44:06] [Server thread/INFO]: Saving chunks for level 'ServerLevel[world_nether]'/minecraft:the_nether
[15:44:06] [Server thread/INFO]: [ChunkHolderManager] Waiting 60s for chunk system to halt for world 'world_nether'
[15:44:06] [Server thread/INFO]: [ChunkHolderManager] Halted chunk system for world 'world_nether'
[15:44:06] [Server thread/INFO]: [ChunkHolderManager] Saving all chunkholders for world 'world_nether'
[15:44:06] [Server thread/INFO]: [ChunkHolderManager] Saved 0 block chunks, 2 entity chunks, 0 poi chunks in world 'world_nether' in 0.02s
[15:44:06] [Server thread/INFO]: Saving chunks for level 'ServerLevel[world_the_end]'/minecraft:the_end
[15:44:06] [Server thread/INFO]: [ChunkHolderManager] Waiting 60s for chunk system to halt for world 'world_the_end'
[15:44:06] [Server thread/INFO]: [ChunkHolderManager] Halted chunk system for world 'world_the_end'
[15:44:06] [Server thread/INFO]: [ChunkHolderManager] Saving all chunkholders for world 'world_the_end'
[15:44:06] [Server thread/INFO]: [ChunkHolderManager] Saved 0 block chunks, 10 entity chunks, 0 poi chunks in world 'world_the_end' in 0.03s
[15:44:06] [Server thread/INFO]: ThreadedAnvilChunkStorage (world): All chunks are saved
[15:44:06] [Server thread/INFO]: ThreadedAnvilChunkStorage (DIM-1): All chunks are saved
[15:44:06] [Server thread/INFO]: ThreadedAnvilChunkStorage (DIM1): All chunks are saved
[15:44:06] [Server thread/INFO]: ThreadedAnvilChunkStorage: All dimensions are saved
